<?xml version="1.0" encoding="UTF-8"?>
<testsuite name="searchingsortingbigopartb.prework.AmazonOrderServicePhase2Test" tests="7" skipped="0" failures="0" errors="0" timestamp="2024-07-11T16:04:04" hostname="santi-Latitude-3520" time="0.112">
  <properties/>
  <testcase name="findPackageBinary_asinLastItem_returnsCorrectAmazonPackage()" classname="searchingsortingbigopartb.prework.AmazonOrderServicePhase2Test" time="0.032"/>
  <testcase name="findPackageBinary_asinNotPresent_throwsPackageNotFoundException()" classname="searchingsortingbigopartb.prework.AmazonOrderServicePhase2Test" time="0.011"/>
  <testcase name="findPackageBinary_manyPackages_significantlyOutperformsFindPackageLinear()" classname="searchingsortingbigopartb.prework.AmazonOrderServicePhase2Test" time="0.057"/>
  <testcase name="findPackageBinary_emptyPackageList_throwsPackageNotFoundException()" classname="searchingsortingbigopartb.prework.AmazonOrderServicePhase2Test" time="0.002"/>
  <testcase name="findPackageBinary_asinFirstItem_returnsCorrectAmazonPackage()" classname="searchingsortingbigopartb.prework.AmazonOrderServicePhase2Test" time="0.001"/>
  <testcase name="findPackageBinary_asinPresent_returnsCorrectAmazonPackage()" classname="searchingsortingbigopartb.prework.AmazonOrderServicePhase2Test" time="0.001"/>
  <testcase name="findPackageBinary_asinPresentOneElementList_returnsCorrectAmazonPackage()" classname="searchingsortingbigopartb.prework.AmazonOrderServicePhase2Test" time="0.001"/>
  <system-out><![CDATA[]]></system-out>
  <system-err><![CDATA[]]></system-err>
</testsuite>
